<?xml version="1.0" encoding="UTF-8"?>
<!-- Generated by org.testng.reporters.JUnitReportReporter -->
<testsuite hostname="LAPTOP-B17B4A37" failures="0" tests="2" name="testClasses.Checkclass" time="0.017" errors="0" timestamp="2022-05-30T14:59:59 IST" skipped="0">
  <testcase classname="testClasses.Checkclass" name="testclassA" time="0.015"/>
  <system-out/>
  <testcase classname="testClasses.Checkclass" name="testclassB" time="0.002"/>
  <system-out/>
</testsuite> <!-- testClasses.Checkclass -->
